Arguments: 
  C:\Program Files\nodejs\node.exe C:\Users\大宝\AppData\Roaming\npm\node_modules\yarn\bin\yarn.js

PATH: 
  D:\Thunder\Program\;C:\Windows\system32;C:\Windows;C:\Windows\System32\Wbem;C:\Windows\System32\WindowsPowerShell\v1.0\;C:\Windows\System32\OpenSSH\;D:\jdk1.8.0_131\bin;D:\maven-3.5.0\bin;C:\Program Files\Git\cmd;C:\Program Files\nodejs\;C:\Program Files\Docker\Docker\resources\bin;C:\ProgramData\DockerDesktop\version-bin;D:\Android\sdk\platform-tools;D:\Android\sdk\tools;C:\Program Files\MySQL\MySQL Shell 8.0\bin\;C:\Users\大宝\AppData\Local\Microsoft\WindowsApps;C:\Users\大宝\AppData\Roaming\npm

Yarn version: 
  1.22.17

Node version: 
  14.18.2

Platform: 
  win32 x64

Trace: 
  Error: 15232:error:1408F119:SSL routines:ssl3_get_record:decryption failed or bad record mac:c:\ws\deps\openssl\openssl\ssl\record\ssl3_record.c:677:

npm manifest: 
  {
    "name": "shi-li-po-cha-ting",
    "version": "1.0.0",
    "author": "章德龙",
    "participants": [],
    "homepage": "https://chu1204505056.gitee.io/vue-admin-beautiful",
    "publishConfig": {
      "registry": "https://npm.pkg.github.com/"
    },
    "scripts": {
      "serve": "vue-cli-service serve",
      "build": "vue-cli-service build",
      "build:report": "vue-cli-service build --report",
      "globle": "npm install -g cnpm --registry=https://registry.npm.taobao.org&&cnpm i rimraf npm-check-updates nrm -g&&rimraf node_modules&&cnpm i",
      "inspect": "vue-cli-service inspect",
      "template": "plop",
      "clear": "rimraf node_modules&&npm install --registry=https://registry.npm.taobao.org",
      "image-webpack-loader": "cnpm i image-webpack-loader -D",
      "use:npm": "nrm use npm",
      "use:taobao": "nrm use taobao",
      "update": "ncu -u --reject sass-loader,sass,vue-echarts&&cnpm i",
      "update:globle": "ncu -g --concurrency 10 --timeout 80000",
      "push": "start ./push.sh",
      "deploy": "start ./deploy.sh"
    },
    "dependencies": {
      "ant-design-vue": "^1.7.7",
      "axios": "^0.21.4",
      "clipboard": "^2.0.8",
      "core-js": "^3.14.0",
      "dayjs": "^1.10.5",
      "echarts": "^5.3.0",
      "echarts-wordcloud": "^2.0.0",
      "element-ui": "^2.15.2",
      "flow-demo": "git+https://gitee.com/xiaoyaoluntian/imitating-dingding-flow-chart.git",
      "jsencrypt": "^3.2.0",
      "less-loader": "^10.0.1",
      "lodash": "^4.17.21",
      "maptalks": "^0.49.4",
      "mapv": "^2.0.62",
      "mockjs": "^1.1.0",
      "nprogress": "^0.2.0",
      "qs": "^6.10.1",
      "screenfull": "^5.1.0",
      "sortablejs": "^1.13.0",
      "vab-icon": "^0.0.1",
      "vue": "^2.6.13",
      "vue-echarts": "5.0.0-beta.0",
      "vue-meta": "^2.4.0",
      "vue-router": "^3.5.1",
      "vuex": "^3.6.2",
      "yarn": "^1.22.17",
      "zx-count": "^0.3.7",
      "zx-layouts": "^0.6.25",
      "zx-magnifie": "^0.4.0",
      "zx-markdown-editor": "^0.0.2",
      "zx-player": "^1.0.2",
      "zx-quill": "^0.0.3",
      "zx-templates": "^0.0.26",
      "zx-verify": "^0.0.2"
    },
    "devDependencies": {
      "@vue/cli-plugin-babel": "^4.5.13",
      "@vue/cli-plugin-eslint": "^4.5.13",
      "@vue/cli-service": "^4.5.13",
      "@vue/eslint-config-prettier": "^6.0.0",
      "babel-eslint": "^10.1.0",
      "body-parser": "^1.19.0",
      "chalk": "^4.1.1",
      "chokidar": "^3.5.1",
      "eslint": "^7.28.0",
      "eslint-plugin-prettier": "^3.4.0",
      "eslint-plugin-vue": "^7.10.0",
      "filemanager-webpack-plugin": "^5.0.0",
      "image-webpack-loader": "^8.1.0",
      "lint-staged": "^11.0.0",
      "plop": "^3.0.5",
      "prettier": "^2.3.1",
      "sass": "~1.32.13",
      "sass-loader": "^10.1.1",
      "stylelint": "^14.3.0",
      "stylelint-config-prettier": "^8.0.2",
      "stylelint-config-recess-order": "^2.4.0",
      "svg-sprite-loader": "^6.0.7",
      "vue-template-compiler": "^2.6.13",
      "webpackbar": "^4.0.0"
    },
    "keywords": [
      "vue",
      "admin",
      "dashboard",
      "element-ui",
      "vue-admin",
      "element-admin",
      "boilerplate",
      "admin-template",
      "management-system"
    ],
    "engines": {
      "node": ">=8.9",
      "npm": ">= 3.0.0"
    }
  }

yarn manifest: 
  No manifest

Lockfile: 
  No lockfile
